<?xml version="1.0" encoding="UTF-8"?>
<testng-results ignored="0" total="1" passed="0" failed="1" skipped="0">
  <reporter-output>
    <line>
      <![CDATA[edge browser launched Successfuly]]>
    </line>
    <line>
      <![CDATA[Browser closed Successfully]]>
    </line>
  </reporter-output>
  <suite started-at="2023-05-03T17:56:06 IST" name="Default suite" finished-at="2023-05-03T17:56:14 IST" duration-ms="8285">
    <groups>
    </groups>
    <test started-at="2023-05-03T17:56:06 IST" name="Default test" finished-at="2023-05-03T17:56:14 IST" duration-ms="8285">
      <class name="referenceApcfms.test1">
        <test-method is-config="true" signature="bsConfig()[pri:0, instance:referenceApcfms.test1@27f981c6]" started-at="2023-05-03T17:56:06 IST" name="bsConfig" finished-at="2023-05-03T17:56:06 IST" duration-ms="7" status="PASS">
          <reporter-output>
          </reporter-output>
        </test-method> <!-- bsConfig -->
        <test-method is-config="true" signature="bcConfig()[pri:0, instance:referenceApcfms.test1@27f981c6]" started-at="2023-05-03T17:56:06 IST" name="bcConfig" finished-at="2023-05-03T17:56:14 IST" duration-ms="7993" status="PASS">
          <reporter-output>
            <line>
              <![CDATA[edge browser launched Successfuly]]>
            </line>
          </reporter-output>
        </test-method> <!-- bcConfig -->
        <test-method is-config="true" signature="bConfiig()[pri:0, instance:referenceApcfms.test1@27f981c6]" started-at="2023-05-03T17:56:14 IST" name="bConfiig" finished-at="2023-05-03T17:56:14 IST" duration-ms="2" status="PASS">
          <reporter-output>
          </reporter-output>
        </test-method> <!-- bConfiig -->
        <test-method signature="appcffms()[pri:0, instance:referenceApcfms.test1@27f981c6]" started-at="2023-05-03T17:56:14 IST" name="appcffms" finished-at="2023-05-03T17:56:14 IST" duration-ms="15" status="FAIL">
          <exception class="java.lang.AssertionError">
            <message>
              <![CDATA[null]]>
            </message>
            <full-stacktrace>
              <![CDATA[java.lang.AssertionError: null
at org.testng.Assert.fail(Assert.java:99)
at org.testng.Assert.fail(Assert.java:106)
at referenceApcfms.test1.appcffms(test1.java:13)
at java.base/jdk.internal.reflect.NativeMethodAccessorImpl.invoke0(Native Method)
at java.base/jdk.internal.reflect.NativeMethodAccessorImpl.invoke(NativeMethodAccessorImpl.java:77)
at java.base/jdk.internal.reflect.DelegatingMethodAccessorImpl.invoke(DelegatingMethodAccessorImpl.java:43)
at java.base/java.lang.reflect.Method.invoke(Method.java:568)
at org.testng.internal.MethodInvocationHelper.invokeMethod(MethodInvocationHelper.java:133)
at org.testng.internal.TestInvoker.invokeMethod(TestInvoker.java:598)
at org.testng.internal.TestInvoker.invokeTestMethod(TestInvoker.java:173)
at org.testng.internal.MethodRunner.runInSequence(MethodRunner.java:46)
at org.testng.internal.TestInvoker$MethodInvocationAgent.invoke(TestInvoker.java:824)
at org.testng.internal.TestInvoker.invokeTestMethods(TestInvoker.java:146)
at org.testng.internal.TestMethodWorker.invokeTestMethods(TestMethodWorker.java:146)
at org.testng.internal.TestMethodWorker.run(TestMethodWorker.java:128)
at java.base/java.util.ArrayList.forEach(ArrayList.java:1511)
at org.testng.TestRunner.privateRun(TestRunner.java:794)
at org.testng.TestRunner.run(TestRunner.java:596)
at org.testng.SuiteRunner.runTest(SuiteRunner.java:377)
at org.testng.SuiteRunner.runSequentially(SuiteRunner.java:371)
at org.testng.SuiteRunner.privateRun(SuiteRunner.java:332)
at org.testng.SuiteRunner.run(SuiteRunner.java:276)
at org.testng.SuiteRunnerWorker.runSuite(SuiteRunnerWorker.java:53)
at org.testng.SuiteRunnerWorker.run(SuiteRunnerWorker.java:96)
at org.testng.TestNG.runSuitesSequentially(TestNG.java:1212)
at org.testng.TestNG.runSuitesLocally(TestNG.java:1134)
at org.testng.TestNG.runSuites(TestNG.java:1063)
at org.testng.TestNG.run(TestNG.java:1031)
at org.testng.remote.AbstractRemoteTestNG.run(AbstractRemoteTestNG.java:115)
at org.testng.remote.RemoteTestNG.initAndRun(RemoteTestNG.java:251)
at org.testng.remote.RemoteTestNG.main(RemoteTestNG.java:77)
]]>
            </full-stacktrace>
          </exception> <!-- java.lang.AssertionError -->
          <reporter-output>
          </reporter-output>
        </test-method> <!-- appcffms -->
        <test-method is-config="true" signature="amConfig()[pri:0, instance:referenceApcfms.test1@27f981c6]" started-at="2023-05-03T17:56:14 IST" name="amConfig" finished-at="2023-05-03T17:56:14 IST" duration-ms="2" status="PASS">
          <reporter-output>
          </reporter-output>
        </test-method> <!-- amConfig -->
        <test-method is-config="true" signature="acConfig()[pri:0, instance:referenceApcfms.test1@27f981c6]" started-at="2023-05-03T17:56:14 IST" name="acConfig" finished-at="2023-05-03T17:56:14 IST" duration-ms="229" status="PASS">
          <reporter-output>
            <line>
              <![CDATA[Browser closed Successfully]]>
            </line>
          </reporter-output>
        </test-method> <!-- acConfig -->
        <test-method is-config="true" signature="assSuite()[pri:0, instance:referenceApcfms.test1@27f981c6]" started-at="2023-05-03T17:56:14 IST" name="assSuite" finished-at="2023-05-03T17:56:14 IST" duration-ms="0" status="PASS">
          <reporter-output>
          </reporter-output>
        </test-method> <!-- assSuite -->
      </class> <!-- referenceApcfms.test1 -->
    </test> <!-- Default test -->
  </suite> <!-- Default suite -->
</testng-results>
